<?xml version="1.0" encoding="UTF-8"?>
<testng-results ignored="0" total="2" passed="2" failed="0" skipped="0">
  <reporter-output>
  </reporter-output>
  <suite started-at="2022-10-12T19:06:56 IST" name="high priority" finished-at="2022-10-12T19:07:26 IST" duration-ms="30383">
    <groups>
    </groups>
    <test started-at="2022-10-12T19:06:56 IST" name="chrometest" finished-at="2022-10-12T19:07:26 IST" duration-ms="30383">
      <class name="com.Amazon.TestClass.TC002_HpLaptopSelect">
        <test-method is-config="true" signature="setUp(java.lang.String)[pri:0, instance:com.Amazon.TestClass.TC002_HpLaptopSelect@53aac487]" started-at="2022-10-12T19:07:08 IST" name="setUp" finished-at="2022-10-12T19:07:11 IST" duration-ms="2567" status="PASS">
          <params>
            <param index="0">
              <value>
                <![CDATA[chrome]]>
              </value>
            </param>
          </params>
          <reporter-output>
          </reporter-output>
        </test-method> <!-- setUp -->
        <test-method signature="SelectHplaptop()[pri:0, instance:com.Amazon.TestClass.TC002_HpLaptopSelect@53aac487]" started-at="2022-10-12T19:07:11 IST" name="SelectHplaptop" finished-at="2022-10-12T19:07:21 IST" duration-ms="10122" status="PASS">
          <reporter-output>
          </reporter-output>
        </test-method> <!-- SelectHplaptop -->
        <test-method is-config="true" signature="tearDown()[pri:0, instance:com.Amazon.TestClass.TC002_HpLaptopSelect@53aac487]" started-at="2022-10-12T19:07:21 IST" name="tearDown" finished-at="2022-10-12T19:07:26 IST" duration-ms="5315" status="PASS">
          <reporter-output>
          </reporter-output>
        </test-method> <!-- tearDown -->
      </class> <!-- com.Amazon.TestClass.TC002_HpLaptopSelect -->
      <class name="com.Amazon.TestClass.TC001_SearchBoxCheck">
        <test-method is-config="true" signature="setUp(java.lang.String)[pri:0, instance:com.Amazon.TestClass.TC001_SearchBoxCheck@3a44431a]" started-at="2022-10-12T19:06:56 IST" name="setUp" finished-at="2022-10-12T19:07:00 IST" duration-ms="4081" status="PASS">
          <params>
            <param index="0">
              <value>
                <![CDATA[chrome]]>
              </value>
            </param>
          </params>
          <reporter-output>
          </reporter-output>
        </test-method> <!-- setUp -->
        <test-method signature="CheckSearchFoxfuntionality()[pri:0, instance:com.Amazon.TestClass.TC001_SearchBoxCheck@3a44431a]" started-at="2022-10-12T19:07:00 IST" name="CheckSearchFoxfuntionality" finished-at="2022-10-12T19:07:03 IST" duration-ms="2988" status="PASS">
          <reporter-output>
          </reporter-output>
        </test-method> <!-- CheckSearchFoxfuntionality -->
        <test-method is-config="true" signature="tearDown()[pri:0, instance:com.Amazon.TestClass.TC001_SearchBoxCheck@3a44431a]" started-at="2022-10-12T19:07:03 IST" name="tearDown" finished-at="2022-10-12T19:07:08 IST" duration-ms="5262" status="PASS">
          <reporter-output>
          </reporter-output>
        </test-method> <!-- tearDown -->
      </class> <!-- com.Amazon.TestClass.TC001_SearchBoxCheck -->
    </test> <!-- chrometest -->
  </suite> <!-- high priority -->
</testng-results>
